2021-07-0723:23:09 [httpLog] {"method":"GET","url":"/","data":{},"startTime":"2021-07-07  23:23:09","entTime":"2021-07-0723:23:09","timeLength":7}
2021-07-0723:23:09 [httpLog] {"method":"GET","url":"/curl/get","data":{},"startTime":"2021-07-07  23:23:09","entTime":"2021-07-0723:23:09","timeLength":80}
2021-07-0723:23:27 [httpLog] {"method":"GET","url":"/","data":{},"startTime":"2021-07-07  23:23:27","entTime":"2021-07-0723:23:27","timeLength":2}
2021-07-0723:23:27 [httpLog] {"method":"GET","url":"/curl/get","data":{},"startTime":"2021-07-07  23:23:27","entTime":"2021-07-0723:23:27","timeLength":41}
2021-07-0723:23:46 [httpLog] {"method":"GET","url":"/","data":{},"startTime":"2021-07-07  23:23:46","entTime":"2021-07-0723:23:46","timeLength":2}
2021-07-0723:23:46 [httpLog] {"method":"GET","url":"/curl/get","data":{},"startTime":"2021-07-07  23:23:46","entTime":"2021-07-0723:23:46","timeLength":33}
2021-07-07 23:23:51 [httpLog] {"method":"GET","url":"/","data":{},"startTime":"2021-07-07  23:23:51","entTime":"2021-07-0723:23:51","timeLength":15}
2021-07-07 23:23:51 [httpLog] {"method":"GET","url":"/curl/get","data":{},"startTime":"2021-07-07  23:23:51","entTime":"2021-07-0723:23:51","timeLength":90}
2021-07-07 23:28:31 [httpLog] {"method":"GET","url":"/curl","data":{},"startTime":"2021-07-07  23:28:31","entTime":"2021-07-0723:28:31","timeLength":1}
2021-07-07 23:28:46 [httpLog] {"method":"GET","url":"/","data":{},"startTime":"2021-07-07  23:28:46","entTime":"2021-07-0723:28:46","timeLength":3}
2021-07-07 23:30:39 [httpLog] {"method":"GET","url":"/","data":{},"startTime":"2021-07-07  23:30:39","entTime":"2021-07-0723:30:39","timeLength":10}
2021-07-07 23:30:42 [httpLog] {"method":"GET","url":"/","data":{},"startTime":"2021-07-07  23:30:42","entTime":"2021-07-0723:30:42","timeLength":13}
2021-07-08 23:14:09 [httpLog] {"method":"GET","url":"/newApplication","data":{},"startTime":"2021-07-08  23:14:09","entTime":"2021-07-0823:14:09","timeLength":16}
2021-07-08 23:14:11 [httpLog] {"method":"GET","url":"/newApplication","data":{},"startTime":"2021-07-08  23:14:11","entTime":"2021-07-0823:14:11","timeLength":4}
2021-07-08 23:14:22 [httpLog] {"method":"GET","url":"/newApplication","data":{},"startTime":"2021-07-08  23:14:22","entTime":"2021-07-0823:14:22","timeLength":1}
2021-07-08 23:14:26 [httpLog] {"method":"GET","url":"/newApplication","data":{},"startTime":"2021-07-08  23:14:26","entTime":"2021-07-0823:14:26","timeLength":2}
2021-07-08 23:16:16 [httpLog] {"method":"GET","url":"/newApplication","data":{},"startTime":"2021-07-08  23:16:16","entTime":"2021-07-0823:16:16","timeLength":9}
2021-07-08 23:16:19 [httpLog] {"method":"GET","url":"/newApplication","data":{},"startTime":"2021-07-08  23:16:19","entTime":"2021-07-0823:16:19","timeLength":3}
2021-07-08 23:16:29 [httpLog] {"method":"GET","url":"/newApplication","data":{},"startTime":"2021-07-08  23:16:29","entTime":"2021-07-0823:16:29","timeLength":1}
2021-07-08 23:16:35 [httpLog] {"method":"GET","url":"/newApplic","data":{},"startTime":"2021-07-08  23:16:35","entTime":"2021-07-0823:16:35","timeLength":2}
2021-07-08 23:16:37 [httpLog] {"method":"GET","url":"/newApplic","data":{},"startTime":"2021-07-08  23:16:37","entTime":"2021-07-0823:16:37","timeLength":4}
2021-07-08 23:17:19 [httpLog] {"method":"GET","url":"/newApplic","data":{},"startTime":"2021-07-08  23:17:19","entTime":"2021-07-0823:17:19","timeLength":37}
2021-07-08 23:17:27 [httpLog] {"method":"GET","url":"/newApplication","data":{},"startTime":"2021-07-08  23:17:27","entTime":"2021-07-0823:17:27","timeLength":30}
2021-07-08 23:17:48 [httpLog] {"method":"GET","url":"/newApplication","data":{},"startTime":"2021-07-08  23:17:48","entTime":"2021-07-0823:17:48","timeLength":43}
2021-07-08 23:18:00 [httpLog] {"method":"GET","url":"/newApplication","data":{},"startTime":"2021-07-08  23:18:00","entTime":"2021-07-0823:18:00","timeLength":105}
2021-07-08 23:27:48 [httpLog] {"method":"GET","url":"/newApplication","data":{},"startTime":"2021-07-08  23:27:48","entTime":"2021-07-0823:27:48","timeLength":50}
2021-07-08 23:29:42 [httpLog] {"method":"GET","url":"/newApplication","data":{},"startTime":"2021-07-08  23:29:42","entTime":"2021-07-0823:29:42","timeLength":29}
2021-07-08 23:29:57 [httpLog] {"method":"GET","url":"/newApplication","data":{},"startTime":"2021-07-08  23:29:57","entTime":"2021-07-0823:29:57","timeLength":29}
2021-07-08 23:30:01 [httpLog] {"method":"GET","url":"/newApplication","data":{},"startTime":"2021-07-08  23:30:01","entTime":"2021-07-0823:30:01","timeLength":22}
2021-07-08 23:30:05 [httpLog] {"method":"GET","url":"/newApplication","data":{},"startTime":"2021-07-08  23:30:05","entTime":"2021-07-0823:30:05","timeLength":55}
2021-07-08 23:30:08 [httpLog] {"method":"GET","url":"/newApplication","data":{},"startTime":"2021-07-08  23:30:08","entTime":"2021-07-0823:30:08","timeLength":28}
2021-07-08 23:30:39 [httpLog] {"method":"GET","url":"/newApplication","data":{},"startTime":"2021-07-08  23:30:39","entTime":"2021-07-0823:30:39","timeLength":51}
2021-07-08 23:30:42 [httpLog] {"method":"GET","url":"/newApplication","data":{},"startTime":"2021-07-08  23:30:42","entTime":"2021-07-0823:30:42","timeLength":21}
2021-07-08 23:30:48 [httpLog] {"method":"GET","url":"/newApplication","data":{},"startTime":"2021-07-08  23:30:48","entTime":"2021-07-0823:30:48","timeLength":129}
2021-07-08 23:38:35 [httpLog] {"method":"GET","url":"/newContent","data":{},"startTime":"2021-07-08  23:38:35","entTime":"2021-07-0823:38:35","timeLength":19}
2021-07-08 23:38:47 [httpLog] {"method":"GET","url":"/newContent?id=321","data":{},"startTime":"2021-07-08  23:38:47","entTime":"2021-07-0823:38:47","timeLength":9}
